<?xml version="1.0" encoding="UTF-8"?>
<!-- Generated by org.testng.reporters.JUnitReportReporter -->
<testsuite hostname="IMRAN_NASRIN" failures="0" tests="1" name="HandlingTestNGFiles" time="12.890" errors="0" timestamp="2024-02-19T13:25:54 IST" skipped="0">
  <testcase classname="HandlingTestNGFiles" name="openChromeBrowser" time="12.890"/>
  <system-out/>
</testsuite> <!-- HandlingTestNGFiles -->
