<?xml version="1.0" encoding="UTF-8"?>
<!-- Generated by org.testng.reporters.JUnitReportReporter -->
<testsuite hostname="IMRAN_NASRIN" failures="0" tests="1" name="testRunner.Runner" time="6.724" errors="0" timestamp="2024-02-28T00:12:27 IST" skipped="0">
  <testcase classname="testRunner.Runner" name="runScenario" time="6.724"/>
  <system-out/>
</testsuite> <!-- testRunner.Runner -->
