<?xml version="1.0" encoding="UTF-8"?>
<!-- Generated by org.testng.reporters.JUnitReportReporter -->
<testsuite hostname="IMRAN_NASRIN" failures="0" tests="3" name="testNGBasics.HandlingAlphaKeys" time="0.009" errors="0" timestamp="2024-02-19T20:10:18 IST" skipped="0">
  <testcase classname="testNGBasics.HandlingAlphaKeys" name="signup" time="0.001"/>
  <system-out/>
  <testcase classname="testNGBasics.HandlingAlphaKeys" name="login" time="0.008"/>
  <system-out/>
  <testcase classname="testNGBasics.HandlingAlphaKeys" name="search" time="0.000"/>
  <system-out/>
</testsuite> <!-- testNGBasics.HandlingAlphaKeys -->
