<?xml version="1.0" encoding="UTF-8"?>
<!-- Generated by org.testng.reporters.JUnitReportReporter -->
<testsuite hostname="IMRAN_NASRIN" failures="0" tests="4" name="testngSampleCass.LearnTestNG" time="0.015" errors="0" timestamp="2024-02-05T17:11:56 IST" skipped="0">
  <testcase classname="testngSampleCass.LearnTestNG" name="firstmethod" time="0.011"/>
  <system-out/>
  <testcase classname="testngSampleCass.LearnTestNG" name="secondmethod" time="0.002"/>
  <system-out/>
  <testcase classname="testngSampleCass.LearnTestNG" name="thirdmethod" time="0.001"/>
  <system-out/>
  <testcase classname="testngSampleCass.LearnTestNG" name="fourthmethod" time="0.001"/>
  <system-out/>
</testsuite> <!-- testngSampleCass.LearnTestNG -->
