<?xml version="1.0" encoding="UTF-8"?>
<!-- Generated by org.testng.reporters.JUnitReportReporter -->
<testsuite hostname="IMRAN_NASRIN" failures="0" tests="2" name="sample1.SingleDimensionDataProvider" time="0.017" errors="0" timestamp="2025-02-27T18:19:20 IST" skipped="0">
  <testcase classname="sample1.SingleDimensionDataProvider" name="printUserData" time="0.014"/>
  <system-out/>
  <testcase classname="sample1.SingleDimensionDataProvider" name="printUserData" time="0.003"/>
  <system-out/>
</testsuite> <!-- sample1.SingleDimensionDataProvider -->
