<?xml version="1.0" encoding="UTF-8"?>
<!-- Generated by org.testng.reporters.JUnitReportReporter -->
<testsuite hostname="IMRAN_NASRIN" failures="0" tests="1" name="testNGBasics.Fbparam" time="6.367" errors="0" timestamp="2024-02-20T23:40:15 IST" skipped="0">
  <testcase classname="testNGBasics.Fbparam" name="login" time="6.367"/>
  <system-out/>
</testsuite> <!-- testNGBasics.Fbparam -->
