<?xml version="1.0" encoding="UTF-8"?>
<!-- Generated by org.testng.reporters.JUnitReportReporter -->
<testsuite hostname="IMRAN_NASRIN" failures="0" tests="1" name="testNGBasics.HandlingTestNGFiles2" time="7.563" errors="0" timestamp="2024-02-19T13:46:23 IST" skipped="0">
  <testcase classname="testNGBasics.HandlingTestNGFiles2" name="openFireFoxBrowser" time="7.563"/>
  <system-out/>
</testsuite> <!-- testNGBasics.HandlingTestNGFiles2 -->
