<?xml version="1.0" encoding="UTF-8"?>
<!-- Generated by org.testng.reporters.JUnitReportReporter -->
<testsuite hostname="IMRAN_NASRIN" failures="0" tests="1" name="HandlingTestNGFiles2" time="6.044" errors="0" timestamp="2024-02-19T13:32:28 IST" skipped="0">
  <testcase classname="HandlingTestNGFiles2" name="openFireFoxBrowser" time="6.044"/>
  <system-out/>
</testsuite> <!-- HandlingTestNGFiles2 -->
