<?xml version="1.0" encoding="UTF-8"?>
<!-- Generated by org.testng.reporters.JUnitReportReporter -->
<testsuite hostname="IMRAN_NASRIN" failures="0" tests="2" name="testNGBasics.HandlingDataProvider" time="14.411" errors="0" timestamp="2024-02-20T20:56:08 IST" skipped="0">
  <testcase classname="testNGBasics.HandlingDataProvider" name="receivedata" time="8.322"/>
  <system-out/>
  <testcase classname="testNGBasics.HandlingDataProvider" name="receivedata" time="6.089"/>
  <system-out/>
</testsuite> <!-- testNGBasics.HandlingDataProvider -->
