<?xml version="1.0" encoding="UTF-8"?>
<!-- Generated by org.testng.reporters.JUnitReportReporter -->
<testsuite hostname="IMRAN_NASRIN" failures="0" tests="1" name="sample1.check" time="0.014" errors="0" timestamp="2024-03-12T21:17:14 IST" skipped="0">
  <testcase classname="sample1.check" name="checking" time="0.014"/>
  <system-out/>
</testsuite> <!-- sample1.check -->
