<?xml version="1.0" encoding="UTF-8"?>
<!-- Generated by org.testng.reporters.JUnitReportReporter -->
<testsuite hostname="IMRAN_NASRIN" failures="0" tests="2" name="sample1.HandlingDataProvider" time="15.445" errors="0" timestamp="2024-03-12T22:45:53 IST" skipped="0">
  <testcase classname="sample1.HandlingDataProvider" name="orangeHRMlogin" time="8.479"/>
  <system-out/>
  <testcase classname="sample1.HandlingDataProvider" name="orangeHRMlogin" time="6.966"/>
  <system-out/>
</testsuite> <!-- sample1.HandlingDataProvider -->
