<?xml version="1.0" encoding="UTF-8"?>
<!-- Generated by org.testng.reporters.JUnitReportReporter -->
<testsuite hostname="IMRAN_NASRIN" failures="0" tests="2" name="testNGBasics.HandlingTestHierarchy" time="0.007" errors="0" timestamp="2024-02-21T14:07:33 IST" skipped="0">
  <testcase classname="testNGBasics.HandlingTestHierarchy" name="searchProducts" time="0.005"/>
  <system-out/>
  <testcase classname="testNGBasics.HandlingTestHierarchy" name="addTocart" time="0.002"/>
  <system-out/>
</testsuite> <!-- testNGBasics.HandlingTestHierarchy -->
