<?xml version="1.0" encoding="UTF-8"?>
<!-- Generated by org.testng.reporters.JUnitReportReporter -->
<testsuite hostname="IMRAN_NASRIN" failures="0" tests="1" name="testNGBasics.HandlingTestNGFiles1" time="12.527" errors="0" timestamp="2024-02-19T13:46:23 IST" skipped="0">
  <testcase classname="testNGBasics.HandlingTestNGFiles1" name="openChromeBrowser" time="12.527"/>
  <system-out/>
</testsuite> <!-- testNGBasics.HandlingTestNGFiles1 -->
