<?xml version="1.0" encoding="UTF-8"?>
<!-- Generated by org.testng.reporters.JUnitReportReporter -->
<testsuite hostname="IMRAN_NASRIN" failures="0" tests="1" name="HandlingTestNGFiles1" time="12.626" errors="0" timestamp="2024-02-19T13:32:28 IST" skipped="0">
  <testcase classname="HandlingTestNGFiles1" name="openChromeBrowser" time="12.626"/>
  <system-out/>
</testsuite> <!-- HandlingTestNGFiles1 -->
