<?xml version="1.0" encoding="UTF-8"?>
<!-- Generated by org.testng.reporters.JUnitReportReporter -->
<testsuite hostname="IMRAN_NASRIN" failures="0" tests="1" name="testNGBasics.Febtest1" time="4.415" errors="0" timestamp="2024-02-20T23:32:20 IST" skipped="0">
  <testcase classname="testNGBasics.Febtest1" name="login" time="4.415"/>
  <system-out/>
</testsuite> <!-- testNGBasics.Febtest1 -->
