<?xml version="1.0" encoding="UTF-8"?>
<!-- Generated by org.testng.reporters.JUnitReportReporter -->
<testsuite hostname="IMRAN_NASRIN" failures="0" tests="2" name="testNGBasics.ParametersHandling" time="15.552" errors="0" timestamp="2024-02-20T19:41:14 IST" skipped="0">
  <testcase classname="testNGBasics.ParametersHandling" name="openleaftaps" time="8.066"/>
  <system-out/>
  <testcase classname="testNGBasics.ParametersHandling" name="openleaftaps" time="7.486"/>
  <system-out/>
</testsuite> <!-- testNGBasics.ParametersHandling -->
