<?xml version="1.0" encoding="UTF-8"?>
<!-- Generated by org.testng.reporters.JUnitReportReporter -->
<testsuite hostname="IMRAN_NASRIN" failures="0" tests="8" name="week6.day1.ClassRoomActivityTestNG" time="0.028" errors="0" timestamp="2024-02-10T11:05:08 IST" skipped="1">
  <testcase classname="week6.day1.ClassRoomActivityTestNG" name="add" time="0.002"/>
  <system-out/>
  <testcase classname="week6.day1.ClassRoomActivityTestNG" name="add" time="0.017"/>
  <system-out/>
  <testcase classname="week6.day1.ClassRoomActivityTestNG" name="add" time="0.003"/>
  <system-out/>
  <testcase classname="week6.day1.ClassRoomActivityTestNG" name="add" time="0.002"/>
  <system-out/>
  <testcase classname="week6.day1.ClassRoomActivityTestNG" name="add" time="0.001"/>
  <system-out/>
  <testcase classname="week6.day1.ClassRoomActivityTestNG" name="sub" time="0.002"/>
  <system-out/>
  <testcase classname="week6.day1.ClassRoomActivityTestNG" name="divide" time="0.001"/>
  <system-out/>
  <testcase classname="week6.day1.ClassRoomActivityTestNG" name="multiply">
    <skipped/>
  </testcase> <!-- multiply -->
  <system-out/>
</testsuite> <!-- week6.day1.ClassRoomActivityTestNG -->
