<?xml version="1.0" encoding="UTF-8"?>
<!-- Generated by org.testng.reporters.JUnitReportReporter -->
<testsuite hostname="IMRAN_NASRIN" failures="0" tests="1" name="execution.RunCreateLead" time="17.267" errors="0" timestamp="2024-03-01T00:09:06 IST" skipped="0">
  <testcase classname="execution.RunCreateLead" name="runCreateLead1" time="17.267"/>
  <system-out/>
</testsuite> <!-- execution.RunCreateLead -->
