<?xml version="1.0" encoding="UTF-8"?>
<!-- Generated by org.testng.reporters.JUnitReportReporter -->
<testsuite hostname="IMRAN_NASRIN" failures="0" tests="1" name="execution.run" time="10.343" errors="0" timestamp="2024-03-01T00:09:06 IST" skipped="0">
  <testcase classname="execution.run" name="runTestcases" time="10.343"/>
  <system-out/>
</testsuite> <!-- execution.run -->
