<?xml version="1.0" encoding="UTF-8"?>
<!-- Generated by org.testng.reporters.JUnitReportReporter -->
<testsuite hostname="IMRAN_NASRIN" failures="0" tests="1" name="execution.Sample" time="3.523" errors="0" timestamp="2024-02-28T18:41:39 IST" skipped="0">
  <testcase classname="execution.Sample" name="test" time="3.523"/>
  <system-out/>
</testsuite> <!-- execution.Sample -->
